[0.152s] DEBUG:colcon:Command line arguments: ['/usr/bin/colcon', 'build', '--packages-select', 'ros2_service_server']
[0.152s] DEBUG:colcon:Parsed command line arguments: Namespace(log_base=None, log_level=None, verb_name='build', build_base='build', install_base='install', merge_install=False, symlink_install=False, test_result_base=None, continue_on_error=False, executor='parallel', parallel_workers=16, event_handlers=None, ignore_user_meta=False, metas=['./colcon.meta'], base_paths=['.'], packages_ignore=None, packages_ignore_regex=None, paths=None, packages_up_to=None, packages_up_to_regex=None, packages_above=None, packages_above_and_dependencies=None, packages_above_depth=None, packages_select_by_dep=None, packages_skip_by_dep=None, packages_skip_up_to=None, packages_select_build_failed=False, packages_skip_build_finished=False, packages_select_test_failures=False, packages_skip_test_passed=False, packages_select=['ros2_service_server'], packages_skip=None, packages_select_regex=None, packages_skip_regex=None, packages_start=None, packages_end=None, allow_overriding=[], cmake_args=None, cmake_target=None, cmake_target_skip_unavailable=False, cmake_clean_cache=False, cmake_clean_first=False, cmake_force_configure=False, ament_cmake_args=None, catkin_cmake_args=None, catkin_skip_building_tests=False, mixin_files=None, mixin=None, verb_parser=<colcon_mixin.mixin.mixin_argument.MixinArgumentDecorator object at 0x7afe1f699e20>, verb_extension=<colcon_core.verb.build.BuildVerb object at 0x7afe1f699a90>, main=<bound method BuildVerb.main of <colcon_core.verb.build.BuildVerb object at 0x7afe1f699a90>>, mixin_verb=('build',))
[0.193s] Level 1:colcon.colcon_core.package_discovery:discover_packages(colcon_meta) check parameters
[0.193s] Level 1:colcon.colcon_core.package_discovery:discover_packages(recursive) check parameters
[0.193s] Level 1:colcon.colcon_core.package_discovery:discover_packages(ignore) check parameters
[0.193s] Level 1:colcon.colcon_core.package_discovery:discover_packages(path) check parameters
[0.193s] Level 1:colcon.colcon_core.package_discovery:discover_packages(colcon_meta) discover
[0.193s] Level 1:colcon.colcon_core.package_discovery:discover_packages(recursive) discover
[0.193s] INFO:colcon.colcon_core.package_discovery:Crawling recursively for packages in '/home/prajith/Desktop/ros2/src/assignment-ros2-c-service-server-PrajithS20'
[0.193s] Level 1:colcon.colcon_core.package_identification:_identify(.) by extensions ['ignore', 'ignore_ament_install']
[0.193s] Level 1:colcon.colcon_core.package_identification:_identify(.) by extension 'ignore'
[0.193s] Level 1:colcon.colcon_core.package_identification:_identify(.) by extension 'ignore_ament_install'
[0.193s] Level 1:colcon.colcon_core.package_identification:_identify(.) by extensions ['colcon_pkg']
[0.194s] Level 1:colcon.colcon_core.package_identification:_identify(.) by extension 'colcon_pkg'
[0.194s] Level 1:colcon.colcon_core.package_identification:_identify(.) by extensions ['colcon_meta']
[0.194s] Level 1:colcon.colcon_core.package_identification:_identify(.) by extension 'colcon_meta'
[0.194s] Level 1:colcon.colcon_core.package_identification:_identify(.) by extensions ['ros']
[0.194s] Level 1:colcon.colcon_core.package_identification:_identify(.) by extension 'ros'
[0.217s] DEBUG:colcon.colcon_core.package_identification:Package '.' with type 'ros.ament_cmake' and name 'ros2_service_server'
[0.217s] Level 1:colcon.colcon_core.package_discovery:discover_packages(recursive) using defaults
[0.217s] Level 1:colcon.colcon_core.package_discovery:discover_packages(ignore) discover
[0.217s] Level 1:colcon.colcon_core.package_discovery:discover_packages(ignore) using defaults
[0.217s] Level 1:colcon.colcon_core.package_discovery:discover_packages(path) discover
[0.217s] Level 1:colcon.colcon_core.package_discovery:discover_packages(path) using defaults
[0.231s] Level 1:colcon.colcon_core.package_discovery:discover_packages(prefix_path) check parameters
[0.231s] Level 1:colcon.colcon_core.package_discovery:discover_packages(prefix_path) discover
[0.234s] DEBUG:colcon.colcon_installed_package_information.package_discovery:Found 320 installed packages in /opt/ros/jazzy
[0.235s] Level 1:colcon.colcon_core.package_discovery:discover_packages(prefix_path) using defaults
[0.260s] Level 5:colcon.colcon_core.verb:set package 'ros2_service_server' build argument 'cmake_args' from command line to 'None'
[0.260s] Level 5:colcon.colcon_core.verb:set package 'ros2_service_server' build argument 'cmake_target' from command line to 'None'
[0.260s] Level 5:colcon.colcon_core.verb:set package 'ros2_service_server' build argument 'cmake_target_skip_unavailable' from command line to 'False'
[0.260s] Level 5:colcon.colcon_core.verb:set package 'ros2_service_server' build argument 'cmake_clean_cache' from command line to 'False'
[0.260s] Level 5:colcon.colcon_core.verb:set package 'ros2_service_server' build argument 'cmake_clean_first' from command line to 'False'
[0.260s] Level 5:colcon.colcon_core.verb:set package 'ros2_service_server' build argument 'cmake_force_configure' from command line to 'False'
[0.260s] Level 5:colcon.colcon_core.verb:set package 'ros2_service_server' build argument 'ament_cmake_args' from command line to 'None'
[0.260s] Level 5:colcon.colcon_core.verb:set package 'ros2_service_server' build argument 'catkin_cmake_args' from command line to 'None'
[0.260s] Level 5:colcon.colcon_core.verb:set package 'ros2_service_server' build argument 'catkin_skip_building_tests' from command line to 'False'
[0.260s] DEBUG:colcon.colcon_core.verb:Building package 'ros2_service_server' with the following arguments: {'ament_cmake_args': None, 'build_base': '/home/prajith/Desktop/ros2/src/assignment-ros2-c-service-server-PrajithS20/build/ros2_service_server', 'catkin_cmake_args': None, 'catkin_skip_building_tests': False, 'cmake_args': None, 'cmake_clean_cache': False, 'cmake_clean_first': False, 'cmake_force_configure': False, 'cmake_target': None, 'cmake_target_skip_unavailable': False, 'install_base': '/home/prajith/Desktop/ros2/src/assignment-ros2-c-service-server-PrajithS20/install/ros2_service_server', 'merge_install': False, 'path': '/home/prajith/Desktop/ros2/src/assignment-ros2-c-service-server-PrajithS20', 'symlink_install': False, 'test_result_base': None}
[0.260s] INFO:colcon.colcon_core.executor:Executing jobs using 'parallel' executor
[0.261s] DEBUG:colcon.colcon_parallel_executor.executor.parallel:run_until_complete
[0.261s] INFO:colcon.colcon_ros.task.ament_cmake.build:Building ROS package in '/home/prajith/Desktop/ros2/src/assignment-ros2-c-service-server-PrajithS20' with build type 'ament_cmake'
[0.261s] INFO:colcon.colcon_cmake.task.cmake.build:Building CMake package in '/home/prajith/Desktop/ros2/src/assignment-ros2-c-service-server-PrajithS20'
[0.263s] INFO:colcon.colcon_core.plugin_system:Skipping extension 'colcon_core.shell.bat': Not used on non-Windows systems
[0.263s] INFO:colcon.colcon_core.shell:Skip shell extension 'powershell' for command environment: Not usable outside of PowerShell
[0.263s] DEBUG:colcon.colcon_core.shell:Skip shell extension 'dsv' for command environment
[0.270s] DEBUG:colcon.colcon_core.event_handler.log_command:Invoking command in '/home/prajith/Desktop/ros2/src/assignment-ros2-c-service-server-PrajithS20/build/ros2_service_server': CMAKE_PREFIX_PATH=${CMAKE_PREFIX_PATH}:/opt/ros/jazzy /usr/bin/cmake /home/prajith/Desktop/ros2/src/assignment-ros2-c-service-server-PrajithS20 -DCMAKE_INSTALL_PREFIX=/home/prajith/Desktop/ros2/src/assignment-ros2-c-service-server-PrajithS20/install/ros2_service_server
[1.661s] DEBUG:colcon.colcon_core.event_handler.log_command:Invoked command in '/home/prajith/Desktop/ros2/src/assignment-ros2-c-service-server-PrajithS20/build/ros2_service_server' returned '0': CMAKE_PREFIX_PATH=${CMAKE_PREFIX_PATH}:/opt/ros/jazzy /usr/bin/cmake /home/prajith/Desktop/ros2/src/assignment-ros2-c-service-server-PrajithS20 -DCMAKE_INSTALL_PREFIX=/home/prajith/Desktop/ros2/src/assignment-ros2-c-service-server-PrajithS20/install/ros2_service_server
[1.662s] DEBUG:colcon.colcon_core.event_handler.log_command:Invoking command in '/home/prajith/Desktop/ros2/src/assignment-ros2-c-service-server-PrajithS20/build/ros2_service_server': CMAKE_PREFIX_PATH=${CMAKE_PREFIX_PATH}:/opt/ros/jazzy /usr/bin/cmake --build /home/prajith/Desktop/ros2/src/assignment-ros2-c-service-server-PrajithS20/build/ros2_service_server -- -j16 -l16
[4.262s] DEBUG:colcon.colcon_core.event_handler.log_command:Invoked command in '/home/prajith/Desktop/ros2/src/assignment-ros2-c-service-server-PrajithS20/build/ros2_service_server' returned '0': CMAKE_PREFIX_PATH=${CMAKE_PREFIX_PATH}:/opt/ros/jazzy /usr/bin/cmake --build /home/prajith/Desktop/ros2/src/assignment-ros2-c-service-server-PrajithS20/build/ros2_service_server -- -j16 -l16
[4.271s] DEBUG:colcon.colcon_core.event_handler.log_command:Invoking command in '/home/prajith/Desktop/ros2/src/assignment-ros2-c-service-server-PrajithS20/build/ros2_service_server': CMAKE_PREFIX_PATH=${CMAKE_PREFIX_PATH}:/opt/ros/jazzy /usr/bin/cmake --install /home/prajith/Desktop/ros2/src/assignment-ros2-c-service-server-PrajithS20/build/ros2_service_server
[4.283s] Level 1:colcon.colcon_core.environment:create_environment_scripts_only(ros2_service_server)
[4.283s] DEBUG:colcon.colcon_core.event_handler.log_command:Invoked command in '/home/prajith/Desktop/ros2/src/assignment-ros2-c-service-server-PrajithS20/build/ros2_service_server' returned '0': CMAKE_PREFIX_PATH=${CMAKE_PREFIX_PATH}:/opt/ros/jazzy /usr/bin/cmake --install /home/prajith/Desktop/ros2/src/assignment-ros2-c-service-server-PrajithS20/build/ros2_service_server
[4.287s] Level 1:colcon.colcon_core.environment:checking '/home/prajith/Desktop/ros2/src/assignment-ros2-c-service-server-PrajithS20/install/ros2_service_server' for CMake module files
[4.288s] Level 1:colcon.colcon_core.environment:checking '/home/prajith/Desktop/ros2/src/assignment-ros2-c-service-server-PrajithS20/install/ros2_service_server' for CMake config files
[4.288s] Level 1:colcon.colcon_core.shell:create_environment_hook('ros2_service_server', 'cmake_prefix_path')
[4.289s] INFO:colcon.colcon_core.shell:Creating environment hook '/home/prajith/Desktop/ros2/src/assignment-ros2-c-service-server-PrajithS20/install/ros2_service_server/share/ros2_service_server/hook/cmake_prefix_path.ps1'
[4.289s] INFO:colcon.colcon_core.shell:Creating environment descriptor '/home/prajith/Desktop/ros2/src/assignment-ros2-c-service-server-PrajithS20/install/ros2_service_server/share/ros2_service_server/hook/cmake_prefix_path.dsv'
[4.290s] INFO:colcon.colcon_core.shell:Creating environment hook '/home/prajith/Desktop/ros2/src/assignment-ros2-c-service-server-PrajithS20/install/ros2_service_server/share/ros2_service_server/hook/cmake_prefix_path.sh'
[4.291s] Level 1:colcon.colcon_core.environment:checking '/home/prajith/Desktop/ros2/src/assignment-ros2-c-service-server-PrajithS20/install/ros2_service_server/lib'
[4.291s] Level 1:colcon.colcon_core.environment:checking '/home/prajith/Desktop/ros2/src/assignment-ros2-c-service-server-PrajithS20/install/ros2_service_server/bin'
[4.291s] Level 1:colcon.colcon_core.environment:checking '/home/prajith/Desktop/ros2/src/assignment-ros2-c-service-server-PrajithS20/install/ros2_service_server/lib/pkgconfig/ros2_service_server.pc'
[4.292s] Level 1:colcon.colcon_core.environment:checking '/home/prajith/Desktop/ros2/src/assignment-ros2-c-service-server-PrajithS20/install/ros2_service_server/lib/python3.12/site-packages'
[4.292s] Level 1:colcon.colcon_core.environment:checking '/home/prajith/Desktop/ros2/src/assignment-ros2-c-service-server-PrajithS20/install/ros2_service_server/bin'
[4.292s] INFO:colcon.colcon_core.shell:Creating package script '/home/prajith/Desktop/ros2/src/assignment-ros2-c-service-server-PrajithS20/install/ros2_service_server/share/ros2_service_server/package.ps1'
[4.293s] INFO:colcon.colcon_core.shell:Creating package descriptor '/home/prajith/Desktop/ros2/src/assignment-ros2-c-service-server-PrajithS20/install/ros2_service_server/share/ros2_service_server/package.dsv'
[4.293s] INFO:colcon.colcon_core.shell:Creating package script '/home/prajith/Desktop/ros2/src/assignment-ros2-c-service-server-PrajithS20/install/ros2_service_server/share/ros2_service_server/package.sh'
[4.294s] INFO:colcon.colcon_core.shell:Creating package script '/home/prajith/Desktop/ros2/src/assignment-ros2-c-service-server-PrajithS20/install/ros2_service_server/share/ros2_service_server/package.bash'
[4.295s] INFO:colcon.colcon_core.shell:Creating package script '/home/prajith/Desktop/ros2/src/assignment-ros2-c-service-server-PrajithS20/install/ros2_service_server/share/ros2_service_server/package.zsh'
[4.297s] Level 1:colcon.colcon_core.environment:create_file_with_runtime_dependencies(/home/prajith/Desktop/ros2/src/assignment-ros2-c-service-server-PrajithS20/install/ros2_service_server/share/colcon-core/packages/ros2_service_server)
[4.297s] Level 1:colcon.colcon_core.environment:create_environment_scripts_only(ros2_service_server)
[4.297s] Level 1:colcon.colcon_core.environment:checking '/home/prajith/Desktop/ros2/src/assignment-ros2-c-service-server-PrajithS20/install/ros2_service_server' for CMake module files
[4.298s] Level 1:colcon.colcon_core.environment:checking '/home/prajith/Desktop/ros2/src/assignment-ros2-c-service-server-PrajithS20/install/ros2_service_server' for CMake config files
[4.298s] Level 1:colcon.colcon_core.shell:create_environment_hook('ros2_service_server', 'cmake_prefix_path')
[4.298s] INFO:colcon.colcon_core.shell:Creating environment hook '/home/prajith/Desktop/ros2/src/assignment-ros2-c-service-server-PrajithS20/install/ros2_service_server/share/ros2_service_server/hook/cmake_prefix_path.ps1'
[4.298s] INFO:colcon.colcon_core.shell:Creating environment descriptor '/home/prajith/Desktop/ros2/src/assignment-ros2-c-service-server-PrajithS20/install/ros2_service_server/share/ros2_service_server/hook/cmake_prefix_path.dsv'
[4.298s] INFO:colcon.colcon_core.shell:Creating environment hook '/home/prajith/Desktop/ros2/src/assignment-ros2-c-service-server-PrajithS20/install/ros2_service_server/share/ros2_service_server/hook/cmake_prefix_path.sh'
[4.299s] Level 1:colcon.colcon_core.environment:checking '/home/prajith/Desktop/ros2/src/assignment-ros2-c-service-server-PrajithS20/install/ros2_service_server/lib'
[4.299s] Level 1:colcon.colcon_core.environment:checking '/home/prajith/Desktop/ros2/src/assignment-ros2-c-service-server-PrajithS20/install/ros2_service_server/bin'
[4.299s] Level 1:colcon.colcon_core.environment:checking '/home/prajith/Desktop/ros2/src/assignment-ros2-c-service-server-PrajithS20/install/ros2_service_server/lib/pkgconfig/ros2_service_server.pc'
[4.299s] Level 1:colcon.colcon_core.environment:checking '/home/prajith/Desktop/ros2/src/assignment-ros2-c-service-server-PrajithS20/install/ros2_service_server/lib/python3.12/site-packages'
[4.299s] Level 1:colcon.colcon_core.environment:checking '/home/prajith/Desktop/ros2/src/assignment-ros2-c-service-server-PrajithS20/install/ros2_service_server/bin'
[4.300s] INFO:colcon.colcon_core.shell:Creating package script '/home/prajith/Desktop/ros2/src/assignment-ros2-c-service-server-PrajithS20/install/ros2_service_server/share/ros2_service_server/package.ps1'
[4.300s] INFO:colcon.colcon_core.shell:Creating package descriptor '/home/prajith/Desktop/ros2/src/assignment-ros2-c-service-server-PrajithS20/install/ros2_service_server/share/ros2_service_server/package.dsv'
[4.300s] INFO:colcon.colcon_core.shell:Creating package script '/home/prajith/Desktop/ros2/src/assignment-ros2-c-service-server-PrajithS20/install/ros2_service_server/share/ros2_service_server/package.sh'
[4.301s] INFO:colcon.colcon_core.shell:Creating package script '/home/prajith/Desktop/ros2/src/assignment-ros2-c-service-server-PrajithS20/install/ros2_service_server/share/ros2_service_server/package.bash'
[4.301s] INFO:colcon.colcon_core.shell:Creating package script '/home/prajith/Desktop/ros2/src/assignment-ros2-c-service-server-PrajithS20/install/ros2_service_server/share/ros2_service_server/package.zsh'
[4.301s] Level 1:colcon.colcon_core.environment:create_file_with_runtime_dependencies(/home/prajith/Desktop/ros2/src/assignment-ros2-c-service-server-PrajithS20/install/ros2_service_server/share/colcon-core/packages/ros2_service_server)
[4.301s] DEBUG:colcon.colcon_parallel_executor.executor.parallel:closing loop
[4.302s] DEBUG:colcon.colcon_parallel_executor.executor.parallel:loop closed
[4.302s] DEBUG:colcon.colcon_parallel_executor.executor.parallel:run_until_complete finished with '0'
[4.302s] DEBUG:colcon.colcon_core.event_reactor:joining thread
[4.307s] INFO:colcon.colcon_core.plugin_system:Skipping extension 'colcon_notification.desktop_notification.terminal_notifier': Not used on non-Darwin systems
[4.307s] INFO:colcon.colcon_core.plugin_system:Skipping extension 'colcon_notification.desktop_notification.win32': Not used on non-Windows systems
[4.307s] INFO:colcon.colcon_notification.desktop_notification:Sending desktop notification using 'notify2'
[4.311s] DEBUG:colcon.colcon_core.event_reactor:joined thread
[4.311s] INFO:colcon.colcon_core.shell:Creating prefix script '/home/prajith/Desktop/ros2/src/assignment-ros2-c-service-server-PrajithS20/install/local_setup.ps1'
[4.312s] INFO:colcon.colcon_core.shell:Creating prefix util module '/home/prajith/Desktop/ros2/src/assignment-ros2-c-service-server-PrajithS20/install/_local_setup_util_ps1.py'
[4.312s] INFO:colcon.colcon_core.shell:Creating prefix chain script '/home/prajith/Desktop/ros2/src/assignment-ros2-c-service-server-PrajithS20/install/setup.ps1'
[4.313s] INFO:colcon.colcon_core.shell:Creating prefix script '/home/prajith/Desktop/ros2/src/assignment-ros2-c-service-server-PrajithS20/install/local_setup.sh'
[4.314s] INFO:colcon.colcon_core.shell:Creating prefix util module '/home/prajith/Desktop/ros2/src/assignment-ros2-c-service-server-PrajithS20/install/_local_setup_util_sh.py'
[4.314s] INFO:colcon.colcon_core.shell:Creating prefix chain script '/home/prajith/Desktop/ros2/src/assignment-ros2-c-service-server-PrajithS20/install/setup.sh'
[4.315s] INFO:colcon.colcon_core.shell:Creating prefix script '/home/prajith/Desktop/ros2/src/assignment-ros2-c-service-server-PrajithS20/install/local_setup.bash'
[4.316s] INFO:colcon.colcon_core.shell:Creating prefix chain script '/home/prajith/Desktop/ros2/src/assignment-ros2-c-service-server-PrajithS20/install/setup.bash'
[4.316s] INFO:colcon.colcon_core.shell:Creating prefix script '/home/prajith/Desktop/ros2/src/assignment-ros2-c-service-server-PrajithS20/install/local_setup.zsh'
[4.317s] INFO:colcon.colcon_core.shell:Creating prefix chain script '/home/prajith/Desktop/ros2/src/assignment-ros2-c-service-server-PrajithS20/install/setup.zsh'
